<?xml version="1.0" encoding="UTF-8"?>
<!-- Generated by org.testng.reporters.JUnitReportReporter -->
<testsuite hostname="DESKTOP-4HU8PPE" failures="0" tests="3" name="using.genericutility.Login" time="32.669" errors="0" timestamp="2025-10-04T14:54:15 IST" skipped="0">
  <testcase classname="using.genericutility.Login" name="loginToApp" time="10.542"/>
  <testcase classname="using.genericutility.Login" name="loginToApp" time="13.130"/>
  <testcase classname="using.genericutility.Login" name="loginToApp" time="8.997"/>
</testsuite> <!-- using.genericutility.Login -->
