<?xml version="1.0" encoding="UTF-8"?>
<!-- Generated by org.testng.reporters.JUnitReportReporter -->
<testsuite hostname="DESKTOP-4HU8PPE" failures="0" tests="3" name="basics.Demo" time="0.034" errors="0" timestamp="2025-06-26T12:49:50 IST" skipped="1">
  <testcase classname="basics.Demo" name="register" time="0.027"/>
  <testcase classname="basics.Demo" name="login" time="0.007"/>
  <testcase classname="basics.Demo" name="delete">
    <skipped/>
  </testcase> <!-- delete -->
</testsuite> <!-- basics.Demo -->
